<?xml version="1.0" encoding="UTF-8"?>
<coverage generated="1774954901772" clover="3.2.0">
  <project timestamp="1774954901772" name="All files">
    <metrics statements="102" coveredstatements="102" conditionals="55" coveredconditionals="54" methods="10" coveredmethods="10" elements="167" coveredelements="166" complexity="0" loc="102" ncloc="102" packages="1" files="1" classes="1"/>
    <file name="utils.ts" path="D:\EDi\Workbench\panda-wbc\packages\panda-heatmap\src\utils\utils.ts">
      <metrics statements="102" coveredstatements="102" conditionals="55" coveredconditionals="54" methods="10" coveredmethods="10"/>
      <line num="4" count="4" type="stmt"/>
      <line num="14" count="1" type="stmt"/>
      <line num="15" count="43" type="cond" truecount="2" falsecount="0"/>
      <line num="16" count="1" type="stmt"/>
      <line num="18" count="42" type="stmt"/>
      <line num="21" count="42" type="cond" truecount="2" falsecount="0"/>
      <line num="22" count="10" type="stmt"/>
      <line num="26" count="32" type="cond" truecount="2" falsecount="0"/>
      <line num="27" count="12" type="stmt"/>
      <line num="31" count="20" type="cond" truecount="2" falsecount="0"/>
      <line num="32" count="5" type="stmt"/>
      <line num="36" count="15" type="stmt"/>
      <line num="44" count="1" type="stmt"/>
      <line num="46" count="24" type="stmt"/>
      <line num="48" count="24" type="stmt"/>
      <line num="49" count="24" type="stmt"/>
      <line num="50" count="24" type="stmt"/>
      <line num="51" count="24" type="stmt"/>
      <line num="53" count="24" type="cond" truecount="2" falsecount="0"/>
      <line num="55" count="3" type="stmt"/>
      <line num="56" count="3" type="stmt"/>
      <line num="57" count="3" type="stmt"/>
      <line num="58" count="21" type="cond" truecount="2" falsecount="0"/>
      <line num="60" count="3" type="stmt"/>
      <line num="61" count="3" type="stmt"/>
      <line num="62" count="3" type="stmt"/>
      <line num="63" count="3" type="stmt"/>
      <line num="64" count="18" type="cond" truecount="2" falsecount="0"/>
      <line num="66" count="13" type="stmt"/>
      <line num="67" count="13" type="stmt"/>
      <line num="68" count="13" type="stmt"/>
      <line num="69" count="5" type="cond" truecount="2" falsecount="0"/>
      <line num="71" count="4" type="stmt"/>
      <line num="72" count="4" type="stmt"/>
      <line num="73" count="4" type="stmt"/>
      <line num="74" count="4" type="stmt"/>
      <line num="77" count="24" type="stmt"/>
      <line num="85" count="1" type="stmt"/>
      <line num="87" count="32" type="stmt"/>
      <line num="88" count="32" type="stmt"/>
      <line num="89" count="32" type="cond" truecount="2" falsecount="0"/>
      <line num="90" count="5" type="stmt"/>
      <line num="93" count="89" type="stmt"/>
      <line num="94" count="27" type="stmt"/>
      <line num="95" count="27" type="stmt"/>
      <line num="96" count="27" type="stmt"/>
      <line num="97" count="27" type="cond" truecount="2" falsecount="0"/>
      <line num="101" count="32" type="stmt"/>
      <line num="109" count="1" type="stmt"/>
      <line num="111" count="14" type="stmt"/>
      <line num="112" count="14" type="stmt"/>
      <line num="113" count="14" type="cond" truecount="2" falsecount="0"/>
      <line num="114" count="2" type="stmt"/>
      <line num="118" count="2" type="stmt"/>
      <line num="121" count="12" type="stmt"/>
      <line num="122" count="12" type="stmt"/>
      <line num="123" count="12" type="stmt"/>
      <line num="124" count="12" type="cond" truecount="2" falsecount="0"/>
      <line num="128" count="14" type="stmt"/>
      <line num="139" count="1" type="stmt"/>
      <line num="140" count="22" type="stmt"/>
      <line num="141" count="22" type="stmt"/>
      <line num="143" count="22" type="stmt"/>
      <line num="144" count="22" type="stmt"/>
      <line num="145" count="22" type="stmt"/>
      <line num="147" count="22" type="stmt"/>
      <line num="149" count="22" type="cond" truecount="4" falsecount="0"/>
      <line num="150" count="12" type="stmt"/>
      <line num="151" count="12" type="stmt"/>
      <line num="152" count="10" type="cond" truecount="4" falsecount="0"/>
      <line num="153" count="1" type="stmt"/>
      <line num="154" count="1" type="stmt"/>
      <line num="155" count="9" type="cond" truecount="4" falsecount="0"/>
      <line num="156" count="3" type="stmt"/>
      <line num="157" count="3" type="stmt"/>
      <line num="158" count="6" type="cond" truecount="4" falsecount="0"/>
      <line num="159" count="1" type="stmt"/>
      <line num="160" count="1" type="stmt"/>
      <line num="161" count="5" type="cond" truecount="4" falsecount="0"/>
      <line num="162" count="3" type="stmt"/>
      <line num="163" count="3" type="stmt"/>
      <line num="164" count="2" type="cond" truecount="3" falsecount="1"/>
      <line num="165" count="2" type="stmt"/>
      <line num="166" count="2" type="stmt"/>
      <line num="169" count="22" type="stmt"/>
      <line num="182" count="1" type="stmt"/>
      <line num="183" count="24" type="stmt"/>
      <line num="326" count="24" type="cond" truecount="3" falsecount="0"/>
      <line num="338" count="1" type="stmt"/>
      <line num="345" count="7" type="cond" truecount="2" falsecount="0"/>
      <line num="346" count="1" type="stmt"/>
      <line num="349" count="6" type="stmt"/>
      <line num="350" count="6" type="stmt"/>
      <line num="351" count="6" type="stmt"/>
      <line num="353" count="6" type="stmt"/>
      <line num="354" count="6" type="stmt"/>
      <line num="355" count="6" type="stmt"/>
      <line num="357" count="6" type="stmt"/>
      <line num="365" count="1" type="stmt"/>
      <line num="366" count="8" type="stmt"/>
      <line num="367" count="8" type="stmt"/>
      <line num="369" count="8" type="cond" truecount="2" falsecount="0"/>
    </file>
  </project>
</coverage>
