{"D:\\EDi\\Workbench\\panda-wbc\\packages\\panda-heatmap\\src\\utils\\utils.ts": {"path":"D:\\EDi\\Workbench\\panda-wbc\\packages\\panda-heatmap\\src\\utils\\utils.ts","statementMap":{"0":{"start":{"line":4,"column":29},"end":{"line":7,"column":null}},"1":{"start":{"line":4,"column":60},"end":{"line":7,"column":null}},"2":{"start":{"line":14,"column":33},"end":{"line":37,"column":null}},"3":{"start":{"line":15,"column":1},"end":{"line":17,"column":null}},"4":{"start":{"line":16,"column":2},"end":{"line":16,"column":null}},"5":{"start":{"line":18,"column":17},"end":{"line":18,"column":null}},"6":{"start":{"line":21,"column":1},"end":{"line":23,"column":null}},"7":{"start":{"line":22,"column":2},"end":{"line":22,"column":null}},"8":{"start":{"line":26,"column":1},"end":{"line":28,"column":null}},"9":{"start":{"line":27,"column":2},"end":{"line":27,"column":null}},"10":{"start":{"line":31,"column":1},"end":{"line":33,"column":null}},"11":{"start":{"line":32,"column":2},"end":{"line":32,"column":null}},"12":{"start":{"line":36,"column":1},"end":{"line":36,"column":null}},"13":{"start":{"line":44,"column":25},"end":{"line":78,"column":null}},"14":{"start":{"line":46,"column":1},"end":{"line":46,"column":null}},"15":{"start":{"line":48,"column":17},"end":{"line":48,"column":null}},"16":{"start":{"line":49,"column":17},"end":{"line":49,"column":null}},"17":{"start":{"line":50,"column":17},"end":{"line":50,"column":null}},"18":{"start":{"line":51,"column":17},"end":{"line":51,"column":null}},"19":{"start":{"line":53,"column":1},"end":{"line":75,"column":null}},"20":{"start":{"line":55,"column":2},"end":{"line":55,"column":null}},"21":{"start":{"line":56,"column":2},"end":{"line":56,"column":null}},"22":{"start":{"line":57,"column":2},"end":{"line":57,"column":null}},"23":{"start":{"line":58,"column":1},"end":{"line":75,"column":null}},"24":{"start":{"line":60,"column":2},"end":{"line":60,"column":null}},"25":{"start":{"line":61,"column":2},"end":{"line":61,"column":null}},"26":{"start":{"line":62,"column":2},"end":{"line":62,"column":null}},"27":{"start":{"line":63,"column":2},"end":{"line":63,"column":null}},"28":{"start":{"line":64,"column":1},"end":{"line":75,"column":null}},"29":{"start":{"line":66,"column":2},"end":{"line":66,"column":null}},"30":{"start":{"line":67,"column":2},"end":{"line":67,"column":null}},"31":{"start":{"line":68,"column":2},"end":{"line":68,"column":null}},"32":{"start":{"line":69,"column":1},"end":{"line":75,"column":null}},"33":{"start":{"line":71,"column":2},"end":{"line":71,"column":null}},"34":{"start":{"line":72,"column":2},"end":{"line":72,"column":null}},"35":{"start":{"line":73,"column":2},"end":{"line":73,"column":null}},"36":{"start":{"line":74,"column":2},"end":{"line":74,"column":null}},"37":{"start":{"line":77,"column":1},"end":{"line":77,"column":null}},"38":{"start":{"line":85,"column":31},"end":{"line":102,"column":null}},"39":{"start":{"line":87,"column":15},"end":{"line":87,"column":null}},"40":{"start":{"line":88,"column":15},"end":{"line":88,"column":null}},"41":{"start":{"line":89,"column":1},"end":{"line":91,"column":null}},"42":{"start":{"line":90,"column":2},"end":{"line":90,"column":null}},"43":{"start":{"line":93,"column":16},"end":{"line":93,"column":null}},"44":{"start":{"line":93,"column":45},"end":{"line":93,"column":53}},"45":{"start":{"line":94,"column":11},"end":{"line":94,"column":null}},"46":{"start":{"line":95,"column":11},"end":{"line":95,"column":null}},"47":{"start":{"line":96,"column":11},"end":{"line":96,"column":null}},"48":{"start":{"line":97,"column":11},"end":{"line":99,"column":null}},"49":{"start":{"line":101,"column":1},"end":{"line":101,"column":null}},"50":{"start":{"line":109,"column":31},"end":{"line":129,"column":null}},"51":{"start":{"line":111,"column":15},"end":{"line":111,"column":null}},"52":{"start":{"line":112,"column":15},"end":{"line":112,"column":null}},"53":{"start":{"line":113,"column":1},"end":{"line":119,"column":null}},"54":{"start":{"line":114,"column":2},"end":{"line":117,"column":null}},"55":{"start":{"line":118,"column":2},"end":{"line":118,"column":null}},"56":{"start":{"line":121,"column":11},"end":{"line":121,"column":null}},"57":{"start":{"line":122,"column":11},"end":{"line":122,"column":null}},"58":{"start":{"line":123,"column":11},"end":{"line":123,"column":null}},"59":{"start":{"line":124,"column":11},"end":{"line":126,"column":null}},"60":{"start":{"line":128,"column":1},"end":{"line":128,"column":null}},"61":{"start":{"line":139,"column":24},"end":{"line":175,"column":null}},"62":{"start":{"line":140,"column":1},"end":{"line":140,"column":null}},"63":{"start":{"line":141,"column":1},"end":{"line":141,"column":null}},"64":{"start":{"line":143,"column":7},"end":{"line":143,"column":null}},"65":{"start":{"line":144,"column":11},"end":{"line":144,"column":null}},"66":{"start":{"line":145,"column":11},"end":{"line":145,"column":null}},"67":{"start":{"line":147,"column":9},"end":{"line":147,"column":12}},"68":{"start":{"line":147,"column":16},"end":{"line":147,"column":19}},"69":{"start":{"line":147,"column":23},"end":{"line":147,"column":null}},"70":{"start":{"line":149,"column":1},"end":{"line":167,"column":null}},"71":{"start":{"line":150,"column":2},"end":{"line":150,"column":null}},"72":{"start":{"line":151,"column":2},"end":{"line":151,"column":null}},"73":{"start":{"line":152,"column":1},"end":{"line":167,"column":null}},"74":{"start":{"line":153,"column":2},"end":{"line":153,"column":null}},"75":{"start":{"line":154,"column":2},"end":{"line":154,"column":null}},"76":{"start":{"line":155,"column":1},"end":{"line":167,"column":null}},"77":{"start":{"line":156,"column":2},"end":{"line":156,"column":null}},"78":{"start":{"line":157,"column":2},"end":{"line":157,"column":null}},"79":{"start":{"line":158,"column":1},"end":{"line":167,"column":null}},"80":{"start":{"line":159,"column":2},"end":{"line":159,"column":null}},"81":{"start":{"line":160,"column":2},"end":{"line":160,"column":null}},"82":{"start":{"line":161,"column":1},"end":{"line":167,"column":null}},"83":{"start":{"line":162,"column":2},"end":{"line":162,"column":null}},"84":{"start":{"line":163,"column":2},"end":{"line":163,"column":null}},"85":{"start":{"line":164,"column":1},"end":{"line":167,"column":null}},"86":{"start":{"line":165,"column":2},"end":{"line":165,"column":null}},"87":{"start":{"line":166,"column":2},"end":{"line":166,"column":null}},"88":{"start":{"line":169,"column":1},"end":{"line":174,"column":null}},"89":{"start":{"line":182,"column":30},"end":{"line":327,"column":null}},"90":{"start":{"line":183,"column":52},"end":{"line":325,"column":null}},"91":{"start":{"line":326,"column":1},"end":{"line":326,"column":null}},"92":{"start":{"line":338,"column":32},"end":{"line":358,"column":null}},"93":{"start":{"line":345,"column":1},"end":{"line":347,"column":null}},"94":{"start":{"line":346,"column":2},"end":{"line":346,"column":null}},"95":{"start":{"line":349,"column":7},"end":{"line":349,"column":null}},"96":{"start":{"line":350,"column":16},"end":{"line":350,"column":null}},"97":{"start":{"line":351,"column":16},"end":{"line":351,"column":null}},"98":{"start":{"line":353,"column":11},"end":{"line":353,"column":null}},"99":{"start":{"line":354,"column":11},"end":{"line":354,"column":null}},"100":{"start":{"line":355,"column":11},"end":{"line":355,"column":null}},"101":{"start":{"line":357,"column":1},"end":{"line":357,"column":null}},"102":{"start":{"line":365,"column":33},"end":{"line":370,"column":null}},"103":{"start":{"line":366,"column":13},"end":{"line":366,"column":null}},"104":{"start":{"line":367,"column":7},"end":{"line":367,"column":null}},"105":{"start":{"line":369,"column":1},"end":{"line":369,"column":null}}},"fnMap":{"0":{"name":"(anonymous_0)","decl":{"start":{"line":4,"column":29},"end":{"line":4,"column":60}},"loc":{"start":{"line":4,"column":60},"end":{"line":7,"column":null}},"line":4},"1":{"name":"(anonymous_1)","decl":{"start":{"line":14,"column":33},"end":{"line":14,"column":34}},"loc":{"start":{"line":14,"column":63},"end":{"line":37,"column":null}},"line":14},"2":{"name":"(anonymous_2)","decl":{"start":{"line":44,"column":25},"end":{"line":44,"column":26}},"loc":{"start":{"line":44,"column":53},"end":{"line":78,"column":null}},"line":44},"3":{"name":"(anonymous_3)","decl":{"start":{"line":85,"column":31},"end":{"line":85,"column":32}},"loc":{"start":{"line":85,"column":59},"end":{"line":102,"column":null}},"line":85},"4":{"name":"(anonymous_4)","decl":{"start":{"line":93,"column":40},"end":{"line":93,"column":45}},"loc":{"start":{"line":93,"column":45},"end":{"line":93,"column":53}},"line":93},"5":{"name":"(anonymous_5)","decl":{"start":{"line":109,"column":31},"end":{"line":109,"column":32}},"loc":{"start":{"line":109,"column":59},"end":{"line":129,"column":null}},"line":109},"6":{"name":"(anonymous_6)","decl":{"start":{"line":139,"column":24},"end":{"line":139,"column":25}},"loc":{"start":{"line":139,"column":83},"end":{"line":175,"column":null}},"line":139},"7":{"name":"(anonymous_7)","decl":{"start":{"line":182,"column":30},"end":{"line":182,"column":31}},"loc":{"start":{"line":182,"column":64},"end":{"line":327,"column":null}},"line":182},"8":{"name":"(anonymous_8)","decl":{"start":{"line":338,"column":32},"end":{"line":338,"column":null}},"loc":{"start":{"line":344,"column":13},"end":{"line":358,"column":null}},"line":344},"9":{"name":"(anonymous_9)","decl":{"start":{"line":365,"column":33},"end":{"line":365,"column":34}},"loc":{"start":{"line":365,"column":62},"end":{"line":370,"column":null}},"line":365}},"branchMap":{"0":{"loc":{"start":{"line":15,"column":1},"end":{"line":17,"column":null}},"type":"if","locations":[{"start":{"line":15,"column":1},"end":{"line":17,"column":null}},{"start":{},"end":{}}],"line":15},"1":{"loc":{"start":{"line":21,"column":1},"end":{"line":23,"column":null}},"type":"if","locations":[{"start":{"line":21,"column":1},"end":{"line":23,"column":null}},{"start":{},"end":{}}],"line":21},"2":{"loc":{"start":{"line":26,"column":1},"end":{"line":28,"column":null}},"type":"if","locations":[{"start":{"line":26,"column":1},"end":{"line":28,"column":null}},{"start":{},"end":{}}],"line":26},"3":{"loc":{"start":{"line":31,"column":1},"end":{"line":33,"column":null}},"type":"if","locations":[{"start":{"line":31,"column":1},"end":{"line":33,"column":null}},{"start":{},"end":{}}],"line":31},"4":{"loc":{"start":{"line":53,"column":1},"end":{"line":75,"column":null}},"type":"if","locations":[{"start":{"line":53,"column":1},"end":{"line":75,"column":null}},{"start":{"line":58,"column":1},"end":{"line":75,"column":null}}],"line":53},"5":{"loc":{"start":{"line":58,"column":1},"end":{"line":75,"column":null}},"type":"if","locations":[{"start":{"line":58,"column":1},"end":{"line":75,"column":null}},{"start":{"line":64,"column":1},"end":{"line":75,"column":null}}],"line":58},"6":{"loc":{"start":{"line":64,"column":1},"end":{"line":75,"column":null}},"type":"if","locations":[{"start":{"line":64,"column":1},"end":{"line":75,"column":null}},{"start":{"line":69,"column":1},"end":{"line":75,"column":null}}],"line":64},"7":{"loc":{"start":{"line":69,"column":1},"end":{"line":75,"column":null}},"type":"if","locations":[{"start":{"line":69,"column":1},"end":{"line":75,"column":null}},{"start":{},"end":{}}],"line":69},"8":{"loc":{"start":{"line":89,"column":1},"end":{"line":91,"column":null}},"type":"if","locations":[{"start":{"line":89,"column":1},"end":{"line":91,"column":null}},{"start":{},"end":{}}],"line":89},"9":{"loc":{"start":{"line":97,"column":11},"end":{"line":99,"column":null}},"type":"cond-expr","locations":[{"start":{"line":98,"column":4},"end":{"line":98,"column":null}},{"start":{"line":99,"column":4},"end":{"line":99,"column":null}}],"line":97},"10":{"loc":{"start":{"line":113,"column":1},"end":{"line":119,"column":null}},"type":"if","locations":[{"start":{"line":113,"column":1},"end":{"line":119,"column":null}},{"start":{},"end":{}}],"line":113},"11":{"loc":{"start":{"line":124,"column":11},"end":{"line":126,"column":null}},"type":"cond-expr","locations":[{"start":{"line":125,"column":4},"end":{"line":125,"column":null}},{"start":{"line":126,"column":4},"end":{"line":126,"column":null}}],"line":124},"12":{"loc":{"start":{"line":149,"column":1},"end":{"line":167,"column":null}},"type":"if","locations":[{"start":{"line":149,"column":1},"end":{"line":167,"column":null}},{"start":{"line":152,"column":1},"end":{"line":167,"column":null}}],"line":149},"13":{"loc":{"start":{"line":149,"column":5},"end":{"line":149,"column":23}},"type":"binary-expr","locations":[{"start":{"line":149,"column":5},"end":{"line":149,"column":15}},{"start":{"line":149,"column":15},"end":{"line":149,"column":23}}],"line":149},"14":{"loc":{"start":{"line":152,"column":1},"end":{"line":167,"column":null}},"type":"if","locations":[{"start":{"line":152,"column":1},"end":{"line":167,"column":null}},{"start":{"line":155,"column":1},"end":{"line":167,"column":null}}],"line":152},"15":{"loc":{"start":{"line":152,"column":12},"end":{"line":152,"column":32}},"type":"binary-expr","locations":[{"start":{"line":152,"column":12},"end":{"line":152,"column":23}},{"start":{"line":152,"column":23},"end":{"line":152,"column":32}}],"line":152},"16":{"loc":{"start":{"line":155,"column":1},"end":{"line":167,"column":null}},"type":"if","locations":[{"start":{"line":155,"column":1},"end":{"line":167,"column":null}},{"start":{"line":158,"column":1},"end":{"line":167,"column":null}}],"line":155},"17":{"loc":{"start":{"line":155,"column":12},"end":{"line":155,"column":33}},"type":"binary-expr","locations":[{"start":{"line":155,"column":12},"end":{"line":155,"column":24}},{"start":{"line":155,"column":24},"end":{"line":155,"column":33}}],"line":155},"18":{"loc":{"start":{"line":158,"column":1},"end":{"line":167,"column":null}},"type":"if","locations":[{"start":{"line":158,"column":1},"end":{"line":167,"column":null}},{"start":{"line":161,"column":1},"end":{"line":167,"column":null}}],"line":158},"19":{"loc":{"start":{"line":158,"column":12},"end":{"line":158,"column":33}},"type":"binary-expr","locations":[{"start":{"line":158,"column":12},"end":{"line":158,"column":24}},{"start":{"line":158,"column":24},"end":{"line":158,"column":33}}],"line":158},"20":{"loc":{"start":{"line":161,"column":1},"end":{"line":167,"column":null}},"type":"if","locations":[{"start":{"line":161,"column":1},"end":{"line":167,"column":null}},{"start":{"line":164,"column":1},"end":{"line":167,"column":null}}],"line":161},"21":{"loc":{"start":{"line":161,"column":12},"end":{"line":161,"column":33}},"type":"binary-expr","locations":[{"start":{"line":161,"column":12},"end":{"line":161,"column":24}},{"start":{"line":161,"column":24},"end":{"line":161,"column":33}}],"line":161},"22":{"loc":{"start":{"line":164,"column":1},"end":{"line":167,"column":null}},"type":"if","locations":[{"start":{"line":164,"column":1},"end":{"line":167,"column":null}},{"start":{},"end":{}}],"line":164},"23":{"loc":{"start":{"line":164,"column":12},"end":{"line":164,"column":33}},"type":"binary-expr","locations":[{"start":{"line":164,"column":12},"end":{"line":164,"column":24}},{"start":{"line":164,"column":24},"end":{"line":164,"column":33}}],"line":164},"24":{"loc":{"start":{"line":326,"column":8},"end":{"line":326,"column":null}},"type":"binary-expr","locations":[{"start":{"line":326,"column":8},"end":{"line":326,"column":21}},{"start":{"line":326,"column":21},"end":{"line":326,"column":64}},{"start":{"line":326,"column":64},"end":{"line":326,"column":null}}],"line":326},"25":{"loc":{"start":{"line":345,"column":1},"end":{"line":347,"column":null}},"type":"if","locations":[{"start":{"line":345,"column":1},"end":{"line":347,"column":null}},{"start":{},"end":{}}],"line":345},"26":{"loc":{"start":{"line":369,"column":8},"end":{"line":369,"column":null}},"type":"cond-expr","locations":[{"start":{"line":369,"column":27},"end":{"line":369,"column":36}},{"start":{"line":369,"column":36},"end":{"line":369,"column":null}}],"line":369}},"s":{"0":1,"1":4,"2":1,"3":43,"4":1,"5":42,"6":42,"7":10,"8":32,"9":12,"10":20,"11":5,"12":15,"13":1,"14":24,"15":24,"16":24,"17":24,"18":24,"19":24,"20":3,"21":3,"22":3,"23":21,"24":3,"25":3,"26":3,"27":3,"28":18,"29":13,"30":13,"31":13,"32":5,"33":4,"34":4,"35":4,"36":4,"37":24,"38":1,"39":32,"40":32,"41":32,"42":5,"43":27,"44":89,"45":27,"46":27,"47":27,"48":27,"49":32,"50":1,"51":14,"52":14,"53":14,"54":2,"55":2,"56":12,"57":12,"58":12,"59":12,"60":14,"61":1,"62":22,"63":22,"64":22,"65":22,"66":22,"67":22,"68":22,"69":22,"70":22,"71":12,"72":12,"73":10,"74":1,"75":1,"76":9,"77":3,"78":3,"79":6,"80":1,"81":1,"82":5,"83":3,"84":3,"85":2,"86":2,"87":2,"88":22,"89":1,"90":24,"91":24,"92":1,"93":7,"94":1,"95":6,"96":6,"97":6,"98":6,"99":6,"100":6,"101":6,"102":1,"103":8,"104":8,"105":8},"f":{"0":4,"1":43,"2":24,"3":32,"4":89,"5":14,"6":22,"7":24,"8":7,"9":8},"b":{"0":[1,42],"1":[10,32],"2":[12,20],"3":[5,15],"4":[3,21],"5":[3,18],"6":[13,5],"7":[4,1],"8":[5,27],"9":[8,19],"10":[2,12],"11":[2,10],"12":[12,10],"13":[22,22],"14":[1,9],"15":[10,10],"16":[3,6],"17":[9,9],"18":[1,5],"19":[6,6],"20":[3,2],"21":[5,5],"22":[2,0],"23":[2,2],"24":[24,22,4],"25":[1,6],"26":[4,4]},"meta":{"lastBranch":27,"lastFunction":10,"lastStatement":106,"seen":{"s:4:29:7:Infinity":0,"f:4:29:4:60":0,"s:4:60:7:Infinity":1,"s:14:33:37:Infinity":2,"f:14:33:14:34":1,"b:15:1:17:Infinity:undefined:undefined:undefined:undefined":0,"s:15:1:17:Infinity":3,"s:16:2:16:Infinity":4,"s:18:17:18:Infinity":5,"b:21:1:23:Infinity:undefined:undefined:undefined:undefined":1,"s:21:1:23:Infinity":6,"s:22:2:22:Infinity":7,"b:26:1:28:Infinity:undefined:undefined:undefined:undefined":2,"s:26:1:28:Infinity":8,"s:27:2:27:Infinity":9,"b:31:1:33:Infinity:undefined:undefined:undefined:undefined":3,"s:31:1:33:Infinity":10,"s:32:2:32:Infinity":11,"s:36:1:36:Infinity":12,"s:44:25:78:Infinity":13,"f:44:25:44:26":2,"s:46:1:46:Infinity":14,"s:48:17:48:Infinity":15,"s:49:17:49:Infinity":16,"s:50:17:50:Infinity":17,"s:51:17:51:Infinity":18,"b:53:1:75:Infinity:58:1:75:Infinity":4,"s:53:1:75:Infinity":19,"s:55:2:55:Infinity":20,"s:56:2:56:Infinity":21,"s:57:2:57:Infinity":22,"b:58:1:75:Infinity:64:1:75:Infinity":5,"s:58:1:75:Infinity":23,"s:60:2:60:Infinity":24,"s:61:2:61:Infinity":25,"s:62:2:62:Infinity":26,"s:63:2:63:Infinity":27,"b:64:1:75:Infinity:69:1:75:Infinity":6,"s:64:1:75:Infinity":28,"s:66:2:66:Infinity":29,"s:67:2:67:Infinity":30,"s:68:2:68:Infinity":31,"b:69:1:75:Infinity:undefined:undefined:undefined:undefined":7,"s:69:1:75:Infinity":32,"s:71:2:71:Infinity":33,"s:72:2:72:Infinity":34,"s:73:2:73:Infinity":35,"s:74:2:74:Infinity":36,"s:77:1:77:Infinity":37,"s:85:31:102:Infinity":38,"f:85:31:85:32":3,"s:87:15:87:Infinity":39,"s:88:15:88:Infinity":40,"b:89:1:91:Infinity:undefined:undefined:undefined:undefined":8,"s:89:1:91:Infinity":41,"s:90:2:90:Infinity":42,"s:93:16:93:Infinity":43,"f:93:40:93:45":4,"s:93:45:93:53":44,"s:94:11:94:Infinity":45,"s:95:11:95:Infinity":46,"s:96:11:96:Infinity":47,"s:97:11:99:Infinity":48,"b:98:4:98:Infinity:99:4:99:Infinity":9,"s:101:1:101:Infinity":49,"s:109:31:129:Infinity":50,"f:109:31:109:32":5,"s:111:15:111:Infinity":51,"s:112:15:112:Infinity":52,"b:113:1:119:Infinity:undefined:undefined:undefined:undefined":10,"s:113:1:119:Infinity":53,"s:114:2:117:Infinity":54,"s:118:2:118:Infinity":55,"s:121:11:121:Infinity":56,"s:122:11:122:Infinity":57,"s:123:11:123:Infinity":58,"s:124:11:126:Infinity":59,"b:125:4:125:Infinity:126:4:126:Infinity":11,"s:128:1:128:Infinity":60,"s:139:24:175:Infinity":61,"f:139:24:139:25":6,"s:140:1:140:Infinity":62,"s:141:1:141:Infinity":63,"s:143:7:143:Infinity":64,"s:144:11:144:Infinity":65,"s:145:11:145:Infinity":66,"s:147:9:147:12":67,"s:147:16:147:19":68,"s:147:23:147:Infinity":69,"b:149:1:167:Infinity:152:1:167:Infinity":12,"s:149:1:167:Infinity":70,"b:149:5:149:15:149:15:149:23":13,"s:150:2:150:Infinity":71,"s:151:2:151:Infinity":72,"b:152:1:167:Infinity:155:1:167:Infinity":14,"s:152:1:167:Infinity":73,"b:152:12:152:23:152:23:152:32":15,"s:153:2:153:Infinity":74,"s:154:2:154:Infinity":75,"b:155:1:167:Infinity:158:1:167:Infinity":16,"s:155:1:167:Infinity":76,"b:155:12:155:24:155:24:155:33":17,"s:156:2:156:Infinity":77,"s:157:2:157:Infinity":78,"b:158:1:167:Infinity:161:1:167:Infinity":18,"s:158:1:167:Infinity":79,"b:158:12:158:24:158:24:158:33":19,"s:159:2:159:Infinity":80,"s:160:2:160:Infinity":81,"b:161:1:167:Infinity:164:1:167:Infinity":20,"s:161:1:167:Infinity":82,"b:161:12:161:24:161:24:161:33":21,"s:162:2:162:Infinity":83,"s:163:2:163:Infinity":84,"b:164:1:167:Infinity:undefined:undefined:undefined:undefined":22,"s:164:1:167:Infinity":85,"b:164:12:164:24:164:24:164:33":23,"s:165:2:165:Infinity":86,"s:166:2:166:Infinity":87,"s:169:1:174:Infinity":88,"s:182:30:327:Infinity":89,"f:182:30:182:31":7,"s:183:52:325:Infinity":90,"s:326:1:326:Infinity":91,"b:326:8:326:21:326:21:326:64:326:64:326:Infinity":24,"s:338:32:358:Infinity":92,"f:338:32:338:Infinity":8,"b:345:1:347:Infinity:undefined:undefined:undefined:undefined":25,"s:345:1:347:Infinity":93,"s:346:2:346:Infinity":94,"s:349:7:349:Infinity":95,"s:350:16:350:Infinity":96,"s:351:16:351:Infinity":97,"s:353:11:353:Infinity":98,"s:354:11:354:Infinity":99,"s:355:11:355:Infinity":100,"s:357:1:357:Infinity":101,"s:365:33:370:Infinity":102,"f:365:33:365:34":9,"s:366:13:366:Infinity":103,"s:367:7:367:Infinity":104,"s:369:1:369:Infinity":105,"b:369:27:369:36:369:36:369:Infinity":26}}}
}
